# JRE version: OpenJDK Runtime Environment Temurin-17.0.18+8 (17.0.18+8) (build 17.0.18+8)
# Java VM: OpenJDK 64-Bit Server VM Temurin-17.0.18+8 (17.0.18+8, mixed mode, emulated-client, sharing, tiered, compressed oops, compressed class ptrs, g1 gc, windows-amd64)
GC Precious Log:
 CPUs: 12 total, 12 available
 Memory: 3739M
 Large Page Support: Disabled
 NUMA Support: Disabled
 Compressed Oops: Enabled (32-bit)
 Heap Region Size: 1M
 Heap Min Capacity: 8M
 Heap Initial Capacity: 60M
 Heap Max Capacity: 936M
 Pre-touch: Disabled
 Parallel Workers: 10
 Concurrent Workers: 3
 Concurrent Refinement Workers: 10
 Periodic GC: Disabled
Heap:
 garbage-first heap   total 73728K, used 46080K [0x00000000c5800000, 0x0000000100000000)
  region size 1024K, 3 young (3072K), 2 survivors (2048K)
 Metaspace       used 76228K, committed 76864K, reserved 1179648K
  class space    used 11082K, committed 11392K, reserved 1048576K
GC Heap History (20 events):
Event: 5.127 GC heap before
{Heap before GC invocations=14 (full 0):
 garbage-first heap   total 73728K, used 56485K [0x00000000c5800000, 0x0000000100000000)
  region size 1024K, 29 young (29696K), 3 survivors (3072K)
 Metaspace       used 46114K, committed 46656K, reserved 1114112K
  class space    used 6593K, committed 6848K, reserved 1048576K
}
Event: 5.132 GC heap after
{Heap after GC invocations=15 (full 0):
 garbage-first heap   total 73728K, used 32415K [0x00000000c5800000, 0x0000000100000000)
  region size 1024K, 4 young (4096K), 4 survivors (4096K)
 Metaspace       used 46114K, committed 46656K, reserved 1114112K
  class space    used 6593K, committed 6848K, reserved 1048576K
}
Event: 6.990 GC heap before
{Heap before GC invocations=15 (full 0):
 garbage-first heap   total 73728K, used 58015K [0x00000000c5800000, 0x0000000100000000)
  region size 1024K, 29 young (29696K), 4 survivors (4096K)
 Metaspace       used 54939K, committed 55488K, reserved 1114112K
  class space    used 7759K, committed 8064K, reserved 1048576K
}
Event: 6.994 GC heap after
{Heap after GC invocations=16 (full 0):
 garbage-first heap   total 73728K, used 34398K [0x00000000c5800000, 0x0000000100000000)
  region size 1024K, 4 young (4096K), 4 survivors (4096K)
 Metaspace       used 54939K, committed 55488K, reserved 1114112K
  class space    used 7759K, committed 8064K, reserved 1048576K
}
Event: 7.263 GC heap before
{Heap before GC invocations=16 (full 0):
 garbage-first heap   total 73728K, used 50782K [0x00000000c5800000, 0x0000000100000000)
  region size 1024K, 22 young (22528K), 4 survivors (4096K)
 Metaspace       used 59911K, committed 60416K, reserved 1114112K
  class space    used 8481K, committed 8768K, reserved 1048576K
}
Event: 7.265 GC heap after
{Heap after GC invocations=17 (full 0):
 garbage-first heap   total 73728K, used 34823K [0x00000000c5800000, 0x0000000100000000)
  region size 1024K, 3 young (3072K), 3 survivors (3072K)
 Metaspace       used 59911K, committed 60416K, reserved 1114112K
  class space    used 8481K, committed 8768K, reserved 1048576K
}
Event: 9.091 GC heap before
{Heap before GC invocations=18 (full 0):
 garbage-first heap   total 73728K, used 58375K [0x00000000c5800000, 0x0000000100000000)
  region size 1024K, 27 young (27648K), 3 survivors (3072K)
 Metaspace       used 64840K, committed 65472K, reserved 1114112K
  class space    used 9367K, committed 9664K, reserved 1048576K
}
Event: 9.094 GC heap after
{Heap after GC invocations=19 (full 0):
 garbage-first heap   total 73728K, used 35790K [0x00000000c5800000, 0x0000000100000000)
  region size 1024K, 2 young (2048K), 2 survivors (2048K)
 Metaspace       used 64840K, committed 65472K, reserved 1114112K
  class space    used 9367K, committed 9664K, reserved 1048576K
}
Event: 10.700 GC heap before
{Heap before GC invocations=19 (full 0):
 garbage-first heap   total 73728K, used 58318K [0x00000000c5800000, 0x0000000100000000)
  region size 1024K, 25 young (25600K), 2 survivors (2048K)
 Metaspace       used 67751K, committed 68352K, reserved 1114112K
  class space    used 9769K, committed 10048K, reserved 1048576K
}
Event: 10.704 GC heap after
{Heap after GC invocations=20 (full 0):
 garbage-first heap   total 73728K, used 38151K [0x00000000c5800000, 0x0000000100000000)
  region size 1024K, 4 young (4096K), 4 survivors (4096K)
 Metaspace       used 67751K, committed 68352K, reserved 1114112K
  class space    used 9769K, committed 10048K, reserved 1048576K
}
Event: 12.144 GC heap before
{Heap before GC invocations=21 (full 0):
 garbage-first heap   total 73728K, used 59655K [0x00000000c5800000, 0x0000000100000000)
  region size 1024K, 25 young (25600K), 4 survivors (4096K)
 Metaspace       used 69952K, committed 70528K, reserved 1114112K
  class space    used 10122K, committed 10368K, reserved 1048576K
}
Event: 12.149 GC heap after
{Heap after GC invocations=22 (full 0):
 garbage-first heap   total 73728K, used 39810K [0x00000000c5800000, 0x0000000100000000)
  region size 1024K, 2 young (2048K), 2 survivors (2048K)
 Metaspace       used 69952K, committed 70528K, reserved 1114112K
  class space    used 10122K, committed 10368K, reserved 1048576K
}
Event: 12.543 GC heap before
{Heap before GC invocations=22 (full 0):
 garbage-first heap   total 73728K, used 60290K [0x00000000c5800000, 0x0000000100000000)
  region size 1024K, 22 young (22528K), 2 survivors (2048K)
 Metaspace       used 72251K, committed 72768K, reserved 1114112K
  class space    used 10444K, committed 10688K, reserved 1048576K
}
Event: 12.546 GC heap after
{Heap after GC invocations=23 (full 0):
 garbage-first heap   total 73728K, used 41922K [0x00000000c5800000, 0x0000000100000000)
  region size 1024K, 3 young (3072K), 3 survivors (3072K)
 Metaspace       used 72251K, committed 72768K, reserved 1114112K
  class space    used 10444K, committed 10688K, reserved 1048576K
}
Event: 12.869 GC heap before
{Heap before GC invocations=24 (full 0):
 garbage-first heap   total 73728K, used 59330K [0x00000000c5800000, 0x0000000100000000)
  region size 1024K, 20 young (20480K), 3 survivors (3072K)
 Metaspace       used 74068K, committed 74624K, reserved 1114112K
  class space    used 10773K, committed 11008K, reserved 1048576K
}
Event: 12.873 GC heap after
{Heap after GC invocations=25 (full 0):
 garbage-first heap   total 73728K, used 43840K [0x00000000c5800000, 0x0000000100000000)
  region size 1024K, 3 young (3072K), 3 survivors (3072K)
 Metaspace       used 74068K, committed 74624K, reserved 1114112K
  class space    used 10773K, committed 11008K, reserved 1048576K
}
Event: 12.913 GC heap before
{Heap before GC invocations=25 (full 0):
 garbage-first heap   total 73728K, used 44864K [0x00000000c5800000, 0x0000000100000000)
  region size 1024K, 4 young (4096K), 3 survivors (3072K)
 Metaspace       used 74263K, committed 74880K, reserved 1114112K
  class space    used 10798K, committed 11072K, reserved 1048576K
}
Event: 12.917 GC heap after
{Heap after GC invocations=26 (full 0):
 garbage-first heap   total 73728K, used 43875K [0x00000000c5800000, 0x0000000100000000)
  region size 1024K, 1 young (1024K), 1 survivors (1024K)
 Metaspace       used 74263K, committed 74880K, reserved 1114112K
  class space    used 10798K, committed 11072K, reserved 1048576K
}
Event: 15.258 GC heap before
{Heap before GC invocations=26 (full 0):
 garbage-first heap   total 73728K, used 58211K [0x00000000c5800000, 0x0000000100000000)
  region size 1024K, 16 young (16384K), 1 survivors (1024K)
 Metaspace       used 76186K, committed 76800K, reserved 1179648K
  class space    used 11076K, committed 11392K, reserved 1048576K
}
Event: 15.261 GC heap after
{Heap after GC invocations=27 (full 0):
 garbage-first heap   total 73728K, used 46080K [0x00000000c5800000, 0x0000000100000000)
  region size 1024K, 2 young (2048K), 2 survivors (2048K)
 Metaspace       used 76186K, committed 76800K, reserved 1179648K
  class space    used 11076K, committed 11392K, reserved 1048576K
}

