# JRE version: OpenJDK Runtime Environment Temurin-17.0.18+8 (17.0.18+8) (build 17.0.18+8)
# Java VM: OpenJDK 64-Bit Server VM Temurin-17.0.18+8 (17.0.18+8, mixed mode, emulated-client, sharing, tiered, compressed oops, compressed class ptrs, g1 gc, windows-amd64)
GC Precious Log:
 CPUs: 12 total, 12 available
 Memory: 3739M
 Large Page Support: Disabled
 NUMA Support: Disabled
 Compressed Oops: Enabled (32-bit)
 Heap Region Size: 1M
 Heap Min Capacity: 8M
 Heap Initial Capacity: 60M
 Heap Max Capacity: 936M
 Pre-touch: Disabled
 Parallel Workers: 10
 Concurrent Workers: 3
 Concurrent Refinement Workers: 10
 Periodic GC: Disabled
Heap:
 garbage-first heap   total 61440K, used 19768K [0x00000000c5800000, 0x0000000100000000)
  region size 1024K, 6 young (6144K), 3 survivors (3072K)
 Metaspace       used 17484K, committed 17856K, reserved 1114112K
  class space    used 2366K, committed 2560K, reserved 1048576K
GC Heap History (8 events):
Event: 3.018 GC heap before
{Heap before GC invocations=0 (full 0):
 garbage-first heap   total 61440K, used 25600K [0x00000000c5800000, 0x0000000100000000)
  region size 1024K, 23 young (23552K), 0 survivors (0K)
 Metaspace       used 5974K, committed 6144K, reserved 1114112K
  class space    used 752K, committed 832K, reserved 1048576K
}
Event: 3.041 GC heap after
{Heap after GC invocations=1 (full 0):
 garbage-first heap   total 61440K, used 10024K [0x00000000c5800000, 0x0000000100000000)
  region size 1024K, 3 young (3072K), 3 survivors (3072K)
 Metaspace       used 5974K, committed 6144K, reserved 1114112K
  class space    used 752K, committed 832K, reserved 1048576K
}
Event: 3.687 GC heap before
{Heap before GC invocations=1 (full 0):
 garbage-first heap   total 61440K, used 32552K [0x00000000c5800000, 0x0000000100000000)
  region size 1024K, 22 young (22528K), 3 survivors (3072K)
 Metaspace       used 9064K, committed 9344K, reserved 1114112K
  class space    used 1136K, committed 1280K, reserved 1048576K
}
Event: 3.698 GC heap after
{Heap after GC invocations=2 (full 0):
 garbage-first heap   total 61440K, used 14613K [0x00000000c5800000, 0x0000000100000000)
  region size 1024K, 3 young (3072K), 3 survivors (3072K)
 Metaspace       used 9064K, committed 9344K, reserved 1114112K
  class space    used 1136K, committed 1280K, reserved 1048576K
}
Event: 5.637 GC heap before
{Heap before GC invocations=2 (full 0):
 garbage-first heap   total 61440K, used 33045K [0x00000000c5800000, 0x0000000100000000)
  region size 1024K, 21 young (21504K), 3 survivors (3072K)
 Metaspace       used 12544K, committed 12864K, reserved 1114112K
  class space    used 1707K, committed 1856K, reserved 1048576K
}
Event: 5.653 GC heap after
{Heap after GC invocations=3 (full 0):
 garbage-first heap   total 61440K, used 16712K [0x00000000c5800000, 0x0000000100000000)
  region size 1024K, 2 young (2048K), 2 survivors (2048K)
 Metaspace       used 12544K, committed 12864K, reserved 1114112K
  class space    used 1707K, committed 1856K, reserved 1048576K
}
Event: 7.472 GC heap before
{Heap before GC invocations=3 (full 0):
 garbage-first heap   total 61440K, used 36168K [0x00000000c5800000, 0x0000000100000000)
  region size 1024K, 22 young (22528K), 2 survivors (2048K)
 Metaspace       used 16983K, committed 17344K, reserved 1114112K
  class space    used 2280K, committed 2432K, reserved 1048576K
}
Event: 7.477 GC heap after
{Heap after GC invocations=4 (full 0):
 garbage-first heap   total 61440K, used 17720K [0x00000000c5800000, 0x0000000100000000)
  region size 1024K, 3 young (3072K), 3 survivors (3072K)
 Metaspace       used 16983K, committed 17344K, reserved 1114112K
  class space    used 2280K, committed 2432K, reserved 1048576K
}

